<?xml version="1.0" encoding="UTF-8"?>
<!-- Generated by org.testng.reporters.JUnitReportReporter -->
<testsuite skipped="0" hostname="Softtech-PC" name="com.qa.test.DemoTest1" tests="4" failures="0" timestamp="15 Mar 2020 14:48:20 GMT" time="0.026" errors="0">
  <testcase name="sum" time="0.000" classname="com.qa.test.DemoTest1"/>
  <testcase name="mul" time="0.024" classname="com.qa.test.DemoTest1"/>
  <testcase name="sub" time="0.001" classname="com.qa.test.DemoTest1"/>
  <testcase name="div" time="0.001" classname="com.qa.test.DemoTest1"/>
</testsuite> <!-- com.qa.test.DemoTest1 -->
